2025-08-31 04:57:10,107 INFO o.a.j.u.JMeterUtils: Setting Locale to en_US
2025-08-31 04:57:10,138 INFO o.a.j.JMeter: Loading user properties from: /root/lab/sw/apache-jmeter-5.6.3/bin/user.properties
2025-08-31 04:57:10,139 INFO o.a.j.JMeter: Loading system properties from: /root/lab/sw/apache-jmeter-5.6.3/bin/system.properties
2025-08-31 04:57:10,147 INFO o.a.j.JMeter: Copyright (c) 1998-2024 The Apache Software Foundation
2025-08-31 04:57:10,147 INFO o.a.j.JMeter: Version 5.6.3
2025-08-31 04:57:10,147 INFO o.a.j.JMeter: java.version=17.0.16
2025-08-31 04:57:10,147 INFO o.a.j.JMeter: java.vm.name=OpenJDK 64-Bit Server VM
2025-08-31 04:57:10,147 INFO o.a.j.JMeter: os.name=Linux
2025-08-31 04:57:10,147 INFO o.a.j.JMeter: os.arch=amd64
2025-08-31 04:57:10,148 INFO o.a.j.JMeter: os.version=5.14.0-427.20.1.el9_4.x86_64
2025-08-31 04:57:10,148 INFO o.a.j.JMeter: file.encoding=UTF-8
2025-08-31 04:57:10,148 INFO o.a.j.JMeter: java.awt.headless=null
2025-08-31 04:57:10,148 INFO o.a.j.JMeter: Max memory     =939524096
2025-08-31 04:57:10,148 INFO o.a.j.JMeter: Available Processors =2
2025-08-31 04:57:10,160 INFO o.a.j.JMeter: Default Locale=English (United States)
2025-08-31 04:57:10,161 INFO o.a.j.JMeter: JMeter  Locale=English (United States)
2025-08-31 04:57:10,161 INFO o.a.j.JMeter: JMeterHome=/root/lab/sw/apache-jmeter-5.6.3
2025-08-31 04:57:10,161 INFO o.a.j.JMeter: user.dir  =/root/lab/projects/guestbook
2025-08-31 04:57:10,161 INFO o.a.j.JMeter: PWD       =/root/lab/projects/guestbook
2025-08-31 04:57:10,163 INFO o.a.j.JMeter: IP: 172.31.0.100 Name: controller FullName: controller
2025-08-31 04:57:10,180 INFO o.a.j.JMeter: Loaded icon properties from org/apache/jmeter/images/icon.properties
2025-08-31 04:57:10,978 INFO o.a.j.JMeterGuiLauncher: Setting LAF to: com.github.weisj.darklaf.DarkLaf:com.github.weisj.darklaf.theme.DarculaTheme
2025-08-31 04:57:13,024 INFO o.a.j.r.ClassFinder: Will scan jar /root/lab/sw/apache-jmeter-5.6.3/lib/ext/jmeter-plugins-manager-1.10.jar with filter ExtendsClassFilter [parents=[interface org.apache.jmeter.gui.action.Command], inner=false, contains=null, notContains=null]. Consider exposing JMeter plugins via META-INF/services, and add JMeter-Skip-Class-Scanning=true manifest attribute so JMeter can skip classfile scanning
2025-08-31 04:57:13,137 INFO o.a.j.r.ClassFinder: Will scan jar /root/lab/sw/apache-jmeter-5.6.3/lib/ext/jmeter-plugins-tst-2.6.jar with filter ExtendsClassFilter [parents=[interface org.apache.jmeter.gui.action.Command], inner=false, contains=null, notContains=null]. Consider exposing JMeter plugins via META-INF/services, and add JMeter-Skip-Class-Scanning=true manifest attribute so JMeter can skip classfile scanning
2025-08-31 04:57:13,141 INFO o.a.j.r.ClassFinder: Will scan jar /root/lab/sw/apache-jmeter-5.6.3/lib/ext/jmeter-plugins-perfmon-2.1.jar with filter ExtendsClassFilter [parents=[interface org.apache.jmeter.gui.action.Command], inner=false, contains=null, notContains=null]. Consider exposing JMeter plugins via META-INF/services, and add JMeter-Skip-Class-Scanning=true manifest attribute so JMeter can skip classfile scanning
2025-08-31 04:57:13,156 INFO o.a.j.r.ClassFinder: Will scan jar /root/lab/sw/apache-jmeter-5.6.3/lib/ext/jmeter-plugins-functions-2.2.jar with filter ExtendsClassFilter [parents=[interface org.apache.jmeter.gui.action.Command], inner=false, contains=null, notContains=null]. Consider exposing JMeter plugins via META-INF/services, and add JMeter-Skip-Class-Scanning=true manifest attribute so JMeter can skip classfile scanning
2025-08-31 04:57:13,160 INFO o.a.j.r.ClassFinder: Will scan jar /root/lab/sw/apache-jmeter-5.6.3/lib/ext/jmeter-plugins-dummy-0.4.jar with filter ExtendsClassFilter [parents=[interface org.apache.jmeter.gui.action.Command], inner=false, contains=null, notContains=null]. Consider exposing JMeter plugins via META-INF/services, and add JMeter-Skip-Class-Scanning=true manifest attribute so JMeter can skip classfile scanning
2025-08-31 04:57:13,164 INFO o.a.j.r.ClassFinder: Will scan jar /root/lab/sw/apache-jmeter-5.6.3/lib/ext/jmeter-plugins-graphs-basic-2.0.jar with filter ExtendsClassFilter [parents=[interface org.apache.jmeter.gui.action.Command], inner=false, contains=null, notContains=null]. Consider exposing JMeter plugins via META-INF/services, and add JMeter-Skip-Class-Scanning=true manifest attribute so JMeter can skip classfile scanning
2025-08-31 04:57:13,166 INFO o.a.j.r.ClassFinder: Will scan jar /root/lab/sw/apache-jmeter-5.6.3/lib/ext/jmeter-plugins-casutg-2.10.jar with filter ExtendsClassFilter [parents=[interface org.apache.jmeter.gui.action.Command], inner=false, contains=null, notContains=null]. Consider exposing JMeter plugins via META-INF/services, and add JMeter-Skip-Class-Scanning=true manifest attribute so JMeter can skip classfile scanning
2025-08-31 04:57:13,178 INFO o.a.j.r.ClassFinder: Will scan jar /root/lab/sw/apache-jmeter-5.6.3/lib/ext/jmeter-plugins-ffw-2.0.jar with filter ExtendsClassFilter [parents=[interface org.apache.jmeter.gui.action.Command], inner=false, contains=null, notContains=null]. Consider exposing JMeter plugins via META-INF/services, and add JMeter-Skip-Class-Scanning=true manifest attribute so JMeter can skip classfile scanning
2025-08-31 04:57:13,182 INFO o.a.j.r.ClassFinder: Will scan jar /root/lab/sw/apache-jmeter-5.6.3/lib/ext/jmeter-plugins-fifo-0.2.jar with filter ExtendsClassFilter [parents=[interface org.apache.jmeter.gui.action.Command], inner=false, contains=null, notContains=null]. Consider exposing JMeter plugins via META-INF/services, and add JMeter-Skip-Class-Scanning=true manifest attribute so JMeter can skip classfile scanning
2025-08-31 04:57:13,277 INFO o.a.j.r.ClassFinder: Will scan jar /root/lab/sw/apache-jmeter-5.6.3/lib/ext/jmeter-plugins-manager-1.10.jar with filter ExtendsClassFilter [parents=[interface org.apache.jmeter.gui.plugin.MenuCreator], inner=false, contains=null, notContains=null]. Consider exposing JMeter plugins via META-INF/services, and add JMeter-Skip-Class-Scanning=true manifest attribute so JMeter can skip classfile scanning
2025-08-31 04:57:13,280 INFO o.a.j.r.ClassFinder: Will scan jar /root/lab/sw/apache-jmeter-5.6.3/lib/ext/jmeter-plugins-tst-2.6.jar with filter ExtendsClassFilter [parents=[interface org.apache.jmeter.gui.plugin.MenuCreator], inner=false, contains=null, notContains=null]. Consider exposing JMeter plugins via META-INF/services, and add JMeter-Skip-Class-Scanning=true manifest attribute so JMeter can skip classfile scanning
2025-08-31 04:57:13,280 INFO o.a.j.r.ClassFinder: Will scan jar /root/lab/sw/apache-jmeter-5.6.3/lib/ext/jmeter-plugins-perfmon-2.1.jar with filter ExtendsClassFilter [parents=[interface org.apache.jmeter.gui.plugin.MenuCreator], inner=false, contains=null, notContains=null]. Consider exposing JMeter plugins via META-INF/services, and add JMeter-Skip-Class-Scanning=true manifest attribute so JMeter can skip classfile scanning
2025-08-31 04:57:13,281 INFO o.a.j.r.ClassFinder: Will scan jar /root/lab/sw/apache-jmeter-5.6.3/lib/ext/jmeter-plugins-functions-2.2.jar with filter ExtendsClassFilter [parents=[interface org.apache.jmeter.gui.plugin.MenuCreator], inner=false, contains=null, notContains=null]. Consider exposing JMeter plugins via META-INF/services, and add JMeter-Skip-Class-Scanning=true manifest attribute so JMeter can skip classfile scanning
2025-08-31 04:57:13,281 INFO o.a.j.r.ClassFinder: Will scan jar /root/lab/sw/apache-jmeter-5.6.3/lib/ext/jmeter-plugins-dummy-0.4.jar with filter ExtendsClassFilter [parents=[interface org.apache.jmeter.gui.plugin.MenuCreator], inner=false, contains=null, notContains=null]. Consider exposing JMeter plugins via META-INF/services, and add JMeter-Skip-Class-Scanning=true manifest attribute so JMeter can skip classfile scanning
2025-08-31 04:57:13,282 INFO o.a.j.r.ClassFinder: Will scan jar /root/lab/sw/apache-jmeter-5.6.3/lib/ext/jmeter-plugins-graphs-basic-2.0.jar with filter ExtendsClassFilter [parents=[interface org.apache.jmeter.gui.plugin.MenuCreator], inner=false, contains=null, notContains=null]. Consider exposing JMeter plugins via META-INF/services, and add JMeter-Skip-Class-Scanning=true manifest attribute so JMeter can skip classfile scanning
2025-08-31 04:57:13,284 INFO o.a.j.r.ClassFinder: Will scan jar /root/lab/sw/apache-jmeter-5.6.3/lib/ext/jmeter-plugins-casutg-2.10.jar with filter ExtendsClassFilter [parents=[interface org.apache.jmeter.gui.plugin.MenuCreator], inner=false, contains=null, notContains=null]. Consider exposing JMeter plugins via META-INF/services, and add JMeter-Skip-Class-Scanning=true manifest attribute so JMeter can skip classfile scanning
2025-08-31 04:57:13,285 INFO o.a.j.r.ClassFinder: Will scan jar /root/lab/sw/apache-jmeter-5.6.3/lib/ext/jmeter-plugins-ffw-2.0.jar with filter ExtendsClassFilter [parents=[interface org.apache.jmeter.gui.plugin.MenuCreator], inner=false, contains=null, notContains=null]. Consider exposing JMeter plugins via META-INF/services, and add JMeter-Skip-Class-Scanning=true manifest attribute so JMeter can skip classfile scanning
2025-08-31 04:57:13,286 INFO o.a.j.r.ClassFinder: Will scan jar /root/lab/sw/apache-jmeter-5.6.3/lib/ext/jmeter-plugins-fifo-0.2.jar with filter ExtendsClassFilter [parents=[interface org.apache.jmeter.gui.plugin.MenuCreator], inner=false, contains=null, notContains=null]. Consider exposing JMeter plugins via META-INF/services, and add JMeter-Skip-Class-Scanning=true manifest attribute so JMeter can skip classfile scanning
2025-08-31 04:57:13,488 INFO o.j.r.JARSourceHTTP: Found cached repo
2025-08-31 04:57:14,074 INFO o.j.r.PluginManager: Plugins Status: [jpgc-graphs-basic=2.0, jpgc-functions=2.2, jpgc-casutg=2.10, jpgc-dummy=0.4, jpgc-ffw=2.0, jpgc-fifo=0.2, jpgc-perfmon=2.1, jpgc-plugins-manager=1.10, jpgc-tst=2.6, jmeter-core=5.6.3, jmeter-ftp=5.6.3, jmeter-http=5.6.3, jmeter-jdbc=5.6.3, jmeter-jms=5.6.3, jmeter-junit=5.6.3, jmeter-java=5.6.3, jmeter-ldap=5.6.3, jmeter-mail=5.6.3, jmeter-mongodb=5.6.3, jmeter-native=5.6.3, jmeter-tcp=5.6.3, jmeter-components=5.6.3, jpgc-standard=2.0]
2025-08-31 04:57:14,077 INFO o.j.r.PluginManagerMenuItem: Plugins Manager has upgrades: [jpgc-casutg, jpgc-plugins-manager]
2025-08-31 04:57:30,741 INFO o.a.j.s.FileServer: Default base='/root/lab/projects/guestbook'
2025-08-31 04:57:30,751 INFO o.a.j.g.a.Load: Loading file: /root/lab/sw/guestbook_loadtest.jmx
2025-08-31 04:57:30,751 INFO o.a.j.s.FileServer: Set new base='/root/lab/sw'
2025-08-31 04:57:31,145 INFO o.a.j.s.SaveService: Testplan (JMX) version: 2.2. Testlog (JTL) version: 2.2
2025-08-31 04:57:31,162 INFO o.a.j.s.SaveService: Using SaveService properties version 5.0
2025-08-31 04:57:31,165 INFO o.a.j.s.SaveService: Using SaveService properties file encoding UTF-8
2025-08-31 04:57:31,168 INFO o.a.j.s.SaveService: Loading file: /root/lab/sw/guestbook_loadtest.jmx
2025-08-31 04:57:31,388 INFO o.a.j.p.h.s.HTTPSamplerBase: Parser for text/html is org.apache.jmeter.protocol.http.parser.LagartoBasedHtmlParser
2025-08-31 04:57:31,389 INFO o.a.j.p.h.s.HTTPSamplerBase: Parser for application/xhtml+xml is org.apache.jmeter.protocol.http.parser.LagartoBasedHtmlParser
2025-08-31 04:57:31,389 INFO o.a.j.p.h.s.HTTPSamplerBase: Parser for application/xml is org.apache.jmeter.protocol.http.parser.LagartoBasedHtmlParser
2025-08-31 04:57:31,389 INFO o.a.j.p.h.s.HTTPSamplerBase: Parser for text/xml is org.apache.jmeter.protocol.http.parser.LagartoBasedHtmlParser
2025-08-31 04:57:31,389 INFO o.a.j.p.h.s.HTTPSamplerBase: Parser for text/vnd.wap.wml is org.apache.jmeter.protocol.http.parser.RegexpHTMLParser
2025-08-31 04:57:31,389 INFO o.a.j.p.h.s.HTTPSamplerBase: Parser for text/css is org.apache.jmeter.protocol.http.parser.CssParser
2025-08-31 04:57:31,758 INFO o.a.j.e.u.CompoundVariable: Note: Function class names must contain the string: '.functions.'
2025-08-31 04:57:31,758 INFO o.a.j.e.u.CompoundVariable: Note: Function class names must not contain the string: '.gui.'
2025-08-31 04:57:31,908 INFO o.a.j.r.ClassFinder: Will scan jar /root/lab/sw/apache-jmeter-5.6.3/lib/ext/jmeter-plugins-manager-1.10.jar with filter ExtendsClassFilter [parents=[interface org.apache.jmeter.functions.Function], inner=false, contains=null, notContains=null]. Consider exposing JMeter plugins via META-INF/services, and add JMeter-Skip-Class-Scanning=true manifest attribute so JMeter can skip classfile scanning
2025-08-31 04:57:31,926 INFO o.a.j.r.ClassFinder: Will scan jar /root/lab/sw/apache-jmeter-5.6.3/lib/ext/jmeter-plugins-tst-2.6.jar with filter ExtendsClassFilter [parents=[interface org.apache.jmeter.functions.Function], inner=false, contains=null, notContains=null]. Consider exposing JMeter plugins via META-INF/services, and add JMeter-Skip-Class-Scanning=true manifest attribute so JMeter can skip classfile scanning
2025-08-31 04:57:31,927 INFO o.a.j.r.ClassFinder: Will scan jar /root/lab/sw/apache-jmeter-5.6.3/lib/ext/jmeter-plugins-perfmon-2.1.jar with filter ExtendsClassFilter [parents=[interface org.apache.jmeter.functions.Function], inner=false, contains=null, notContains=null]. Consider exposing JMeter plugins via META-INF/services, and add JMeter-Skip-Class-Scanning=true manifest attribute so JMeter can skip classfile scanning
2025-08-31 04:57:31,928 INFO o.a.j.r.ClassFinder: Will scan jar /root/lab/sw/apache-jmeter-5.6.3/lib/ext/jmeter-plugins-functions-2.2.jar with filter ExtendsClassFilter [parents=[interface org.apache.jmeter.functions.Function], inner=false, contains=null, notContains=null]. Consider exposing JMeter plugins via META-INF/services, and add JMeter-Skip-Class-Scanning=true manifest attribute so JMeter can skip classfile scanning
2025-08-31 04:57:31,930 INFO o.a.j.r.ClassFinder: Will scan jar /root/lab/sw/apache-jmeter-5.6.3/lib/ext/jmeter-plugins-dummy-0.4.jar with filter ExtendsClassFilter [parents=[interface org.apache.jmeter.functions.Function], inner=false, contains=null, notContains=null]. Consider exposing JMeter plugins via META-INF/services, and add JMeter-Skip-Class-Scanning=true manifest attribute so JMeter can skip classfile scanning
2025-08-31 04:57:31,931 INFO o.a.j.r.ClassFinder: Will scan jar /root/lab/sw/apache-jmeter-5.6.3/lib/ext/jmeter-plugins-graphs-basic-2.0.jar with filter ExtendsClassFilter [parents=[interface org.apache.jmeter.functions.Function], inner=false, contains=null, notContains=null]. Consider exposing JMeter plugins via META-INF/services, and add JMeter-Skip-Class-Scanning=true manifest attribute so JMeter can skip classfile scanning
2025-08-31 04:57:31,932 INFO o.a.j.r.ClassFinder: Will scan jar /root/lab/sw/apache-jmeter-5.6.3/lib/ext/jmeter-plugins-casutg-2.10.jar with filter ExtendsClassFilter [parents=[interface org.apache.jmeter.functions.Function], inner=false, contains=null, notContains=null]. Consider exposing JMeter plugins via META-INF/services, and add JMeter-Skip-Class-Scanning=true manifest attribute so JMeter can skip classfile scanning
2025-08-31 04:57:31,933 INFO o.a.j.r.ClassFinder: Will scan jar /root/lab/sw/apache-jmeter-5.6.3/lib/ext/jmeter-plugins-ffw-2.0.jar with filter ExtendsClassFilter [parents=[interface org.apache.jmeter.functions.Function], inner=false, contains=null, notContains=null]. Consider exposing JMeter plugins via META-INF/services, and add JMeter-Skip-Class-Scanning=true manifest attribute so JMeter can skip classfile scanning
2025-08-31 04:57:31,934 INFO o.a.j.r.ClassFinder: Will scan jar /root/lab/sw/apache-jmeter-5.6.3/lib/ext/jmeter-plugins-fifo-0.2.jar with filter ExtendsClassFilter [parents=[interface org.apache.jmeter.functions.Function], inner=false, contains=null, notContains=null]. Consider exposing JMeter plugins via META-INF/services, and add JMeter-Skip-Class-Scanning=true manifest attribute so JMeter can skip classfile scanning
2025-08-31 04:57:32,114 INFO o.a.j.s.SampleResult: Note: Sample TimeStamps are START times
2025-08-31 04:57:32,114 INFO o.a.j.s.SampleResult: sampleresult.default.encoding is set to UTF-8
2025-08-31 04:57:32,114 INFO o.a.j.s.SampleResult: sampleresult.useNanoTime=true
2025-08-31 04:57:32,114 INFO o.a.j.s.SampleResult: sampleresult.nanoThreadSleep=5000
2025-08-31 04:57:32,293 INFO o.a.j.r.ClassFinder: Will scan jar /root/lab/sw/apache-jmeter-5.6.3/lib/ext/jmeter-plugins-manager-1.10.jar with filter ExtendsClassFilter [parents=[interface org.apache.jmeter.visualizers.ResultRenderer], inner=false, contains=null, notContains=null]. Consider exposing JMeter plugins via META-INF/services, and add JMeter-Skip-Class-Scanning=true manifest attribute so JMeter can skip classfile scanning
2025-08-31 04:57:32,294 INFO o.a.j.r.ClassFinder: Will scan jar /root/lab/sw/apache-jmeter-5.6.3/lib/ext/jmeter-plugins-tst-2.6.jar with filter ExtendsClassFilter [parents=[interface org.apache.jmeter.visualizers.ResultRenderer], inner=false, contains=null, notContains=null]. Consider exposing JMeter plugins via META-INF/services, and add JMeter-Skip-Class-Scanning=true manifest attribute so JMeter can skip classfile scanning
2025-08-31 04:57:32,294 INFO o.a.j.r.ClassFinder: Will scan jar /root/lab/sw/apache-jmeter-5.6.3/lib/ext/jmeter-plugins-perfmon-2.1.jar with filter ExtendsClassFilter [parents=[interface org.apache.jmeter.visualizers.ResultRenderer], inner=false, contains=null, notContains=null]. Consider exposing JMeter plugins via META-INF/services, and add JMeter-Skip-Class-Scanning=true manifest attribute so JMeter can skip classfile scanning
2025-08-31 04:57:32,295 INFO o.a.j.r.ClassFinder: Will scan jar /root/lab/sw/apache-jmeter-5.6.3/lib/ext/jmeter-plugins-functions-2.2.jar with filter ExtendsClassFilter [parents=[interface org.apache.jmeter.visualizers.ResultRenderer], inner=false, contains=null, notContains=null]. Consider exposing JMeter plugins via META-INF/services, and add JMeter-Skip-Class-Scanning=true manifest attribute so JMeter can skip classfile scanning
2025-08-31 04:57:32,295 INFO o.a.j.r.ClassFinder: Will scan jar /root/lab/sw/apache-jmeter-5.6.3/lib/ext/jmeter-plugins-dummy-0.4.jar with filter ExtendsClassFilter [parents=[interface org.apache.jmeter.visualizers.ResultRenderer], inner=false, contains=null, notContains=null]. Consider exposing JMeter plugins via META-INF/services, and add JMeter-Skip-Class-Scanning=true manifest attribute so JMeter can skip classfile scanning
2025-08-31 04:57:32,302 INFO o.a.j.r.ClassFinder: Will scan jar /root/lab/sw/apache-jmeter-5.6.3/lib/ext/jmeter-plugins-graphs-basic-2.0.jar with filter ExtendsClassFilter [parents=[interface org.apache.jmeter.visualizers.ResultRenderer], inner=false, contains=null, notContains=null]. Consider exposing JMeter plugins via META-INF/services, and add JMeter-Skip-Class-Scanning=true manifest attribute so JMeter can skip classfile scanning
2025-08-31 04:57:32,302 INFO o.a.j.r.ClassFinder: Will scan jar /root/lab/sw/apache-jmeter-5.6.3/lib/ext/jmeter-plugins-casutg-2.10.jar with filter ExtendsClassFilter [parents=[interface org.apache.jmeter.visualizers.ResultRenderer], inner=false, contains=null, notContains=null]. Consider exposing JMeter plugins via META-INF/services, and add JMeter-Skip-Class-Scanning=true manifest attribute so JMeter can skip classfile scanning
2025-08-31 04:57:32,302 INFO o.a.j.r.ClassFinder: Will scan jar /root/lab/sw/apache-jmeter-5.6.3/lib/ext/jmeter-plugins-ffw-2.0.jar with filter ExtendsClassFilter [parents=[interface org.apache.jmeter.visualizers.ResultRenderer], inner=false, contains=null, notContains=null]. Consider exposing JMeter plugins via META-INF/services, and add JMeter-Skip-Class-Scanning=true manifest attribute so JMeter can skip classfile scanning
2025-08-31 04:57:32,303 INFO o.a.j.r.ClassFinder: Will scan jar /root/lab/sw/apache-jmeter-5.6.3/lib/ext/jmeter-plugins-fifo-0.2.jar with filter ExtendsClassFilter [parents=[interface org.apache.jmeter.visualizers.ResultRenderer], inner=false, contains=null, notContains=null]. Consider exposing JMeter plugins via META-INF/services, and add JMeter-Skip-Class-Scanning=true manifest attribute so JMeter can skip classfile scanning
2025-08-31 04:57:32,333 INFO o.a.j.r.ClassFinder: Will scan jar /root/lab/sw/apache-jmeter-5.6.3/lib/ext/jmeter-plugins-manager-1.10.jar with filter ExtendsClassFilter [parents=[interface org.apache.jmeter.visualizers.RequestView], inner=false, contains=null, notContains=null]. Consider exposing JMeter plugins via META-INF/services, and add JMeter-Skip-Class-Scanning=true manifest attribute so JMeter can skip classfile scanning
2025-08-31 04:57:32,335 INFO o.a.j.r.ClassFinder: Will scan jar /root/lab/sw/apache-jmeter-5.6.3/lib/ext/jmeter-plugins-tst-2.6.jar with filter ExtendsClassFilter [parents=[interface org.apache.jmeter.visualizers.RequestView], inner=false, contains=null, notContains=null]. Consider exposing JMeter plugins via META-INF/services, and add JMeter-Skip-Class-Scanning=true manifest attribute so JMeter can skip classfile scanning
2025-08-31 04:57:32,335 INFO o.a.j.r.ClassFinder: Will scan jar /root/lab/sw/apache-jmeter-5.6.3/lib/ext/jmeter-plugins-perfmon-2.1.jar with filter ExtendsClassFilter [parents=[interface org.apache.jmeter.visualizers.RequestView], inner=false, contains=null, notContains=null]. Consider exposing JMeter plugins via META-INF/services, and add JMeter-Skip-Class-Scanning=true manifest attribute so JMeter can skip classfile scanning
2025-08-31 04:57:32,336 INFO o.a.j.r.ClassFinder: Will scan jar /root/lab/sw/apache-jmeter-5.6.3/lib/ext/jmeter-plugins-functions-2.2.jar with filter ExtendsClassFilter [parents=[interface org.apache.jmeter.visualizers.RequestView], inner=false, contains=null, notContains=null]. Consider exposing JMeter plugins via META-INF/services, and add JMeter-Skip-Class-Scanning=true manifest attribute so JMeter can skip classfile scanning
2025-08-31 04:57:32,336 INFO o.a.j.r.ClassFinder: Will scan jar /root/lab/sw/apache-jmeter-5.6.3/lib/ext/jmeter-plugins-dummy-0.4.jar with filter ExtendsClassFilter [parents=[interface org.apache.jmeter.visualizers.RequestView], inner=false, contains=null, notContains=null]. Consider exposing JMeter plugins via META-INF/services, and add JMeter-Skip-Class-Scanning=true manifest attribute so JMeter can skip classfile scanning
2025-08-31 04:57:32,336 INFO o.a.j.r.ClassFinder: Will scan jar /root/lab/sw/apache-jmeter-5.6.3/lib/ext/jmeter-plugins-graphs-basic-2.0.jar with filter ExtendsClassFilter [parents=[interface org.apache.jmeter.visualizers.RequestView], inner=false, contains=null, notContains=null]. Consider exposing JMeter plugins via META-INF/services, and add JMeter-Skip-Class-Scanning=true manifest attribute so JMeter can skip classfile scanning
2025-08-31 04:57:32,337 INFO o.a.j.r.ClassFinder: Will scan jar /root/lab/sw/apache-jmeter-5.6.3/lib/ext/jmeter-plugins-casutg-2.10.jar with filter ExtendsClassFilter [parents=[interface org.apache.jmeter.visualizers.RequestView], inner=false, contains=null, notContains=null]. Consider exposing JMeter plugins via META-INF/services, and add JMeter-Skip-Class-Scanning=true manifest attribute so JMeter can skip classfile scanning
2025-08-31 04:57:32,337 INFO o.a.j.r.ClassFinder: Will scan jar /root/lab/sw/apache-jmeter-5.6.3/lib/ext/jmeter-plugins-ffw-2.0.jar with filter ExtendsClassFilter [parents=[interface org.apache.jmeter.visualizers.RequestView], inner=false, contains=null, notContains=null]. Consider exposing JMeter plugins via META-INF/services, and add JMeter-Skip-Class-Scanning=true manifest attribute so JMeter can skip classfile scanning
2025-08-31 04:57:32,338 INFO o.a.j.r.ClassFinder: Will scan jar /root/lab/sw/apache-jmeter-5.6.3/lib/ext/jmeter-plugins-fifo-0.2.jar with filter ExtendsClassFilter [parents=[interface org.apache.jmeter.visualizers.RequestView], inner=false, contains=null, notContains=null]. Consider exposing JMeter plugins via META-INF/services, and add JMeter-Skip-Class-Scanning=true manifest attribute so JMeter can skip classfile scanning
2025-08-31 04:57:32,434 INFO o.a.j.s.FileServer: Set new base='/root/lab/sw'
